0 info it worked if it ends with ok
1 verbose cli [ 'F:\\Development\\Tools\\nodejs\\\\node.exe',
1 verbose cli   'F:\\Development\\Tools\\nodejs\\node_modules\\npm\\bin\\npm-cli.js',
1 verbose cli   'install',
1 verbose cli   'hubot-announce',
1 verbose cli   '--save' ]
2 info using npm@2.9.1
3 info using node@v0.12.3
4 verbose node symlink F:\Development\Tools\nodejs\\node.exe
5 verbose install initial load of F:\Development\SL\Smartbot\package.json
6 verbose installManyTop reading scoped package data from F:\Development\SL\Smartbot\node_modules\hubot\package.json
7 verbose installManyTop reading scoped package data from F:\Development\SL\Smartbot\node_modules\hubot-alias\package.json
8 verbose installManyTop reading scoped package data from F:\Development\SL\Smartbot\node_modules\hubot-ambush\package.json
9 verbose installManyTop reading scoped package data from F:\Development\SL\Smartbot\node_modules\hubot-asana\package.json
10 verbose installManyTop reading scoped package data from F:\Development\SL\Smartbot\node_modules\hubot-calculator\package.json
11 verbose installManyTop reading scoped package data from F:\Development\SL\Smartbot\node_modules\hubot-days_since\package.json
12 verbose installManyTop reading scoped package data from F:\Development\SL\Smartbot\node_modules\hubot-diagnostics\package.json
13 verbose installManyTop reading scoped package data from F:\Development\SL\Smartbot\node_modules\hubot-ector\package.json
14 verbose installManyTop reading scoped package data from F:\Development\SL\Smartbot\node_modules\hubot-factoid\package.json
15 verbose installManyTop reading scoped package data from F:\Development\SL\Smartbot\node_modules\hubot-factoids\package.json
16 verbose installManyTop reading scoped package data from F:\Development\SL\Smartbot\node_modules\hubot-googl\package.json
17 verbose installManyTop reading scoped package data from F:\Development\SL\Smartbot\node_modules\hubot-google-images\package.json
18 verbose installManyTop reading scoped package data from F:\Development\SL\Smartbot\node_modules\hubot-google-translate\package.json
19 verbose installManyTop reading scoped package data from F:\Development\SL\Smartbot\node_modules\hubot-greetings\package.json
20 verbose installManyTop reading scoped package data from F:\Development\SL\Smartbot\node_modules\hubot-group-alias\package.json
21 verbose installManyTop reading scoped package data from F:\Development\SL\Smartbot\node_modules\hubot-help\package.json
22 verbose installManyTop reading scoped package data from F:\Development\SL\Smartbot\node_modules\hubot-heroku-keepalive\package.json
23 verbose installManyTop reading scoped package data from F:\Development\SL\Smartbot\node_modules\hubot-hipchat\package.json
24 verbose installManyTop reading scoped package data from F:\Development\SL\Smartbot\node_modules\hubot-maps\package.json
25 verbose installManyTop reading scoped package data from F:\Development\SL\Smartbot\node_modules\hubot-misname\package.json
26 verbose installManyTop reading scoped package data from F:\Development\SL\Smartbot\node_modules\hubot-paste\package.json
27 verbose installManyTop reading scoped package data from F:\Development\SL\Smartbot\node_modules\hubot-react\package.json
28 verbose installManyTop reading scoped package data from F:\Development\SL\Smartbot\node_modules\hubot-redis-brain\package.json
29 verbose installManyTop reading scoped package data from F:\Development\SL\Smartbot\node_modules\hubot-rememberto\package.json
30 verbose installManyTop reading scoped package data from F:\Development\SL\Smartbot\node_modules\hubot-rules\package.json
31 verbose installManyTop reading scoped package data from F:\Development\SL\Smartbot\node_modules\hubot-scripts\package.json
32 verbose installManyTop reading scoped package data from F:\Development\SL\Smartbot\node_modules\hubot-seen\package.json
33 verbose installManyTop reading scoped package data from F:\Development\SL\Smartbot\node_modules\hubot-shipit\package.json
34 verbose installManyTop reading scoped package data from F:\Development\SL\Smartbot\node_modules\hubot-standup-alarm\package.json
35 verbose installManyTop reading scoped package data from F:\Development\SL\Smartbot\node_modules\hubot-suggest\package.json
36 verbose installManyTop reading scoped package data from F:\Development\SL\Smartbot\node_modules\hubot-tell\package.json
37 verbose installManyTop reading scoped package data from F:\Development\SL\Smartbot\node_modules\hubot-thank-you\package.json
38 verbose installManyTop reading scoped package data from F:\Development\SL\Smartbot\node_modules\hubot-time-me\package.json
39 verbose installManyTop reading scoped package data from F:\Development\SL\Smartbot\node_modules\hubot-voting\package.json
40 verbose installManyTop reading scoped package data from F:\Development\SL\Smartbot\node_modules\hubot-watch\package.json
41 verbose installManyTop reading scoped package data from F:\Development\SL\Smartbot\node_modules\hubot-yandex-translate\package.json
42 verbose installManyTop reading scoped package data from F:\Development\SL\Smartbot\node_modules\hubot-youtube\package.json
43 verbose readDependencies loading dependencies from F:\Development\SL\Smartbot\package.json
44 silly cache add args [ 'hubot-announce', null ]
45 verbose cache add spec hubot-announce
46 silly cache add parsed spec { raw: 'hubot-announce',
46 silly cache add   scope: null,
46 silly cache add   name: 'hubot-announce',
46 silly cache add   rawSpec: '',
46 silly cache add   spec: '*',
46 silly cache add   type: 'range' }
47 silly addNamed hubot-announce@*
48 verbose addNamed "*" is a valid semver range for hubot-announce
49 silly addNameRange { name: 'hubot-announce', range: '*', hasData: false }
50 silly mapToRegistry name hubot-announce
51 silly mapToRegistry using default registry
52 silly mapToRegistry registry https://registry.npmjs.org/
53 silly mapToRegistry uri https://registry.npmjs.org/hubot-announce
54 verbose addNameRange registry:https://registry.npmjs.org/hubot-announce not in flight; fetching
55 verbose request uri https://registry.npmjs.org/hubot-announce
56 verbose request no auth needed
57 info attempt registry request try #1 at 2:15:18 PM
58 verbose request id e066136d40f2e5a5
59 http request GET https://registry.npmjs.org/hubot-announce
60 http 404 https://registry.npmjs.org/hubot-announce
61 verbose headers { server: 'CouchDB/1.5.0 (Erlang OTP/R16B03)',
61 verbose headers   'content-type': 'application/json',
61 verbose headers   'cache-control': 'max-age=0',
61 verbose headers   'content-length': '51',
61 verbose headers   'accept-ranges': 'bytes',
61 verbose headers   date: 'Tue, 16 Jun 2015 06:15:19 GMT',
61 verbose headers   via: '1.1 varnish',
61 verbose headers   age: '0',
61 verbose headers   connection: 'keep-alive',
61 verbose headers   'x-served-by': 'cache-nrt6129-NRT',
61 verbose headers   'x-cache': 'MISS',
61 verbose headers   'x-cache-hits': '0',
61 verbose headers   'x-timer': 'S1434435318.890842,VS0,VE178' }
62 silly get cb [ 404,
62 silly get   { server: 'CouchDB/1.5.0 (Erlang OTP/R16B03)',
62 silly get     'content-type': 'application/json',
62 silly get     'cache-control': 'max-age=0',
62 silly get     'content-length': '51',
62 silly get     'accept-ranges': 'bytes',
62 silly get     date: 'Tue, 16 Jun 2015 06:15:19 GMT',
62 silly get     via: '1.1 varnish',
62 silly get     age: '0',
62 silly get     connection: 'keep-alive',
62 silly get     'x-served-by': 'cache-nrt6129-NRT',
62 silly get     'x-cache': 'MISS',
62 silly get     'x-cache-hits': '0',
62 silly get     'x-timer': 'S1434435318.890842,VS0,VE178' } ]
63 verbose stack Error: 404 Not Found: hubot-announce
63 verbose stack     at CachingRegistryClient.<anonymous> (F:\Development\Tools\nodejs\node_modules\npm\node_modules\npm-registry-client\lib\request.js:245:14)
63 verbose stack     at Request._callback (F:\Development\Tools\nodejs\node_modules\npm\node_modules\npm-registry-client\lib\request.js:170:14)
63 verbose stack     at Request.self.callback (F:\Development\Tools\nodejs\node_modules\npm\node_modules\request\request.js:368:22)
63 verbose stack     at Request.emit (events.js:110:17)
63 verbose stack     at Request.<anonymous> (F:\Development\Tools\nodejs\node_modules\npm\node_modules\request\request.js:1219:14)
63 verbose stack     at Request.emit (events.js:129:20)
63 verbose stack     at IncomingMessage.<anonymous> (F:\Development\Tools\nodejs\node_modules\npm\node_modules\request\request.js:1167:12)
63 verbose stack     at IncomingMessage.emit (events.js:129:20)
63 verbose stack     at _stream_readable.js:908:16
63 verbose stack     at process._tickCallback (node.js:355:11)
64 verbose statusCode 404
65 verbose pkgid hubot-announce
66 verbose cwd F:\Development\SL\Smartbot
67 error Windows_NT 6.1.7601
68 error argv "F:\\Development\\Tools\\nodejs\\\\node.exe" "F:\\Development\\Tools\\nodejs\\node_modules\\npm\\bin\\npm-cli.js" "install" "hubot-announce" "--save"
69 error node v0.12.3
70 error npm  v2.9.1
71 error code E404
72 error 404 Not Found: hubot-announce
72 error 404
72 error 404 'hubot-announce' is not in the npm registry.
72 error 404 You should bug the author to publish it (or use the name yourself!)
72 error 404 It was specified as a dependency of 'triatomic'
72 error 404
72 error 404 Note that you can also install from a
72 error 404 tarball, folder, http url, or git url.
73 verbose exit [ 1, true ]
